<?xml version="1.0" encoding="UTF-8"?>
<testsuites name="Test Suite 2 - Register Function" time="131.887" tests="5" failures="0" errors="0">
   <testsuite name="Test Suite 2 - Register Function" tests="5" failures="0" errors="0" time="131.887" skipped="0" timestamp="12-02-2024T13:08:46" hostname="skyne - SKYNETICJ-0VA" id="Test Suites/Test Suite 2 - Register Function">
      <properties>
         <property name="deviceName" value=""/>
         <property name="devicePlatform" value=""/>
         <property name="logFolder" value="C:\\Users\\skyne\\git\\Final-Project---Webtesting\\Reports\\20240212_130651\\Test Suite 2 - Register Function\\20240212_130654"/>
         <property name="logFiles" value="C:\\Users\\skyne\\git\\Final-Project---Webtesting\\Reports\\20240212_130651\\Test Suite 2 - Register Function\\20240212_130654\\execution0.log"/>
         <property name="attachments" value="C:\\Users\\skyne\\git\\Final-Project---Webtesting\\Reports\\20240212_130651\\Test Suite 2 - Register Function\\20240212_130654\\1707718206328.png"/>
         <property name="hostName" value="skyne - SKYNETICJ-0VA"/>
         <property name="os" value="Windows 11 64bit"/>
         <property name="katalonVersion" value="9.2.0.212"/>
         <property name="browser" value="Chrome 121.0.0.0"/>
         <property name="hostAddress" value="172.16.213.219"/>
         <property name="sessionId" value="4c7225557c272c349d12fc820ba6ef18"/>
         <property name="seleniumVersion" value="3.141.59"/>
         <property name="proxyInformation" value="ProxyInformation { proxyOption=NO_PROXY, proxyServerType=HTTP, username=, password=********, proxyServerAddress=, proxyServerPort=0, executionList=&quot;&quot;, isApplyToDesiredCapabilities=true }"/>
         <property name="platform" value="Windows 11"/>
      </properties>
      <testcase name="Test Cases/TC 3 - Create acccount with error" time="34.179" classname="Test Cases/TC 3 - Create acccount with error" status="PASSED">
         <system-out><![CDATA[12-02-2024T13:08:46 - [TEST_CASE][PASSED] - Test Cases/TC 3 - Create acccount with error: Test Cases/TC 3 - Create acccount with error

12-02-2024T13:08:47 - [TEST_STEP][PASSED] - openBrowser(""): Browser is opened with url: ''

12-02-2024T13:08:47 - [MESSAGE][INFO] - Starting 'Chrome' driver

12-02-2024T13:08:47 - [MESSAGE][INFO] - Action delay is set to 0 milliseconds

12-02-2024T13:08:49 - [MESSAGE][PASSED] - Browser is opened with url: ''

12-02-2024T13:08:49 - [TEST_STEP][PASSED] - navigateToUrl(site_url): Navigate to 'https://advantageonlineshopping.com/' successfully

12-02-2024T13:08:52 - [MESSAGE][PASSED] - Navigate to 'https://advantageonlineshopping.com/' successfully

12-02-2024T13:08:52 - [TEST_STEP][PASSED] - delay(3): Delayed 3 second(s)

12-02-2024T13:08:55 - [MESSAGE][PASSED] - Delayed 3 second(s)

12-02-2024T13:08:55 - [TEST_STEP][PASSED] - click(findTestObject("Object Repository/TC 3/Page_Advantage Shopping/a_My account                        My orde_124641")): Object: 'Object Repository/TC 3/Page_Advantage Shopping/a_My account                        My orde_124641' is clicked on

12-02-2024T13:08:56 - [MESSAGE][PASSED] - Object: 'Object Repository/TC 3/Page_Advantage Shopping/a_My account                        My orde_124641' is clicked on

12-02-2024T13:08:56 - [TEST_STEP][PASSED] - delay(1): Delayed 1 second(s)

12-02-2024T13:08:57 - [MESSAGE][PASSED] - Delayed 1 second(s)

12-02-2024T13:08:57 - [TEST_STEP][PASSED] - click(findTestObject("Object Repository/TC 3/Page_Advantage Shopping/a_CREATE NEW ACCOUNT")): Object: 'Object Repository/TC 3/Page_Advantage Shopping/a_CREATE NEW ACCOUNT' is clicked on

12-02-2024T13:08:58 - [MESSAGE][PASSED] - Object: 'Object Repository/TC 3/Page_Advantage Shopping/a_CREATE NEW ACCOUNT' is clicked on

12-02-2024T13:08:58 - [TEST_STEP][PASSED] - delay(1): Delayed 1 second(s)

12-02-2024T13:08:59 - [MESSAGE][PASSED] - Delayed 1 second(s)

12-02-2024T13:08:59 - [TEST_STEP][PASSED] - setText(findTestObject("Object Repository/TC 3/Page_Advantage Shopping/input_usernameRegisterPage"), username): Text 'nicehsk' is set on object 'Object Repository/TC 3/Page_Advantage Shopping/input_usernameRegisterPage'

12-02-2024T13:08:59 - [MESSAGE][PASSED] - Text 'nicehsk' is set on object 'Object Repository/TC 3/Page_Advantage Shopping/input_usernameRegisterPage'

12-02-2024T13:08:59 - [TEST_STEP][PASSED] - setEncryptedText(findTestObject("Object Repository/TC 3/Page_Advantage Shopping/input_passwordRegisterPage"), password): Text ****** has been set on object 'Object Repository/TC 3/Page_Advantage Shopping/input_passwordRegisterPage'

12-02-2024T13:09:00 - [MESSAGE][PASSED] - Text ****** has been set on object 'Object Repository/TC 3/Page_Advantage Shopping/input_passwordRegisterPage'

12-02-2024T13:09:00 - [TEST_STEP][PASSED] - setText(findTestObject("Object Repository/TC 3/Page_Advantage Shopping/input_emailRegisterPage"), email): Text 'test@gmail.com' is set on object 'Object Repository/TC 3/Page_Advantage Shopping/input_emailRegisterPage'

12-02-2024T13:09:01 - [MESSAGE][PASSED] - Text 'test@gmail.com' is set on object 'Object Repository/TC 3/Page_Advantage Shopping/input_emailRegisterPage'

12-02-2024T13:09:01 - [TEST_STEP][PASSED] - setEncryptedText(findTestObject("Object Repository/TC 3/Page_Advantage Shopping/input_confirm_passwordRegisterPage"), passwordConfirm): Text ****** has been set on object 'Object Repository/TC 3/Page_Advantage Shopping/input_confirm_passwordRegisterPage'

12-02-2024T13:09:02 - [MESSAGE][PASSED] - Text ****** has been set on object 'Object Repository/TC 3/Page_Advantage Shopping/input_confirm_passwordRegisterPage'

12-02-2024T13:09:02 - [TEST_STEP][PASSED] - setText(findTestObject("Object Repository/TC 3/Page_Advantage Shopping/input_first_nameRegisterPage"), "Santi"): Text 'Santi' is set on object 'Object Repository/TC 3/Page_Advantage Shopping/input_first_nameRegisterPage'

12-02-2024T13:09:03 - [MESSAGE][PASSED] - Text 'Santi' is set on object 'Object Repository/TC 3/Page_Advantage Shopping/input_first_nameRegisterPage'

12-02-2024T13:09:03 - [TEST_STEP][PASSED] - setText(findTestObject("Object Repository/TC 3/Page_Advantage Shopping/input_last_nameRegisterPage"), "Satu"): Text 'Satu' is set on object 'Object Repository/TC 3/Page_Advantage Shopping/input_last_nameRegisterPage'

12-02-2024T13:09:04 - [MESSAGE][PASSED] - Text 'Satu' is set on object 'Object Repository/TC 3/Page_Advantage Shopping/input_last_nameRegisterPage'

12-02-2024T13:09:04 - [TEST_STEP][PASSED] - setText(findTestObject("Object Repository/TC 3/Page_Advantage Shopping/input_phone_numberRegisterPage"), "0000000000000"): Text '0000000000000' is set on object 'Object Repository/TC 3/Page_Advantage Shopping/input_phone_numberRegisterPage'

12-02-2024T13:09:06 - [MESSAGE][PASSED] - Text '0000000000000' is set on object 'Object Repository/TC 3/Page_Advantage Shopping/input_phone_numberRegisterPage'

12-02-2024T13:09:06 - [TEST_STEP][PASSED] - selectOptionByLabel(findTestObject("TC 3/Page_Advantage Shopping/select_AfganistanAlbaniaAlgeriaAmerican Sam_3cef8a"), "Indonesia", false): All options with label 'Indonesia' are selected in object 'Object Repository/TC 3/Page_Advantage Shopping/select_AfganistanAlbaniaAlgeriaAmerican Sam_3cef8a' 

12-02-2024T13:09:07 - [MESSAGE][PASSED] - All options with label 'Indonesia' are selected in object 'Object Repository/TC 3/Page_Advantage Shopping/select_AfganistanAlbaniaAlgeriaAmerican Sam_3cef8a' 

12-02-2024T13:09:07 - [TEST_STEP][PASSED] - setText(findTestObject("Object Repository/TC 3/Page_Advantage Shopping/input_cityRegisterPage"), "Jakarta"): Text 'Jakarta' is set on object 'Object Repository/TC 3/Page_Advantage Shopping/input_cityRegisterPage'

12-02-2024T13:09:08 - [MESSAGE][PASSED] - Text 'Jakarta' is set on object 'Object Repository/TC 3/Page_Advantage Shopping/input_cityRegisterPage'

12-02-2024T13:09:08 - [TEST_STEP][PASSED] - setText(findTestObject("Object Repository/TC 3/Page_Advantage Shopping/input_addressRegisterPage"), "Jakarta"): Text 'Jakarta' is set on object 'Object Repository/TC 3/Page_Advantage Shopping/input_addressRegisterPage'

12-02-2024T13:09:09 - [MESSAGE][PASSED] - Text 'Jakarta' is set on object 'Object Repository/TC 3/Page_Advantage Shopping/input_addressRegisterPage'

12-02-2024T13:09:09 - [TEST_STEP][PASSED] - click(findTestObject("Object Repository/TC 3/Page_Advantage Shopping/label_State  Province  Region")): Object: 'Object Repository/TC 3/Page_Advantage Shopping/label_State  Province  Region' is clicked on

12-02-2024T13:09:10 - [MESSAGE][PASSED] - Object: 'Object Repository/TC 3/Page_Advantage Shopping/label_State  Province  Region' is clicked on

12-02-2024T13:09:10 - [TEST_STEP][PASSED] - setText(findTestObject("Object Repository/TC 3/Page_Advantage Shopping/input_state__province__regionRegisterPage"), "Jakarta"): Text 'Jakarta' is set on object 'Object Repository/TC 3/Page_Advantage Shopping/input_state__province__regionRegisterPage'

12-02-2024T13:09:11 - [MESSAGE][PASSED] - Text 'Jakarta' is set on object 'Object Repository/TC 3/Page_Advantage Shopping/input_state__province__regionRegisterPage'

12-02-2024T13:09:11 - [TEST_STEP][PASSED] - setText(findTestObject("Object Repository/TC 3/Page_Advantage Shopping/input_postal_codeRegisterPage"), "0000"): Text '0000' is set on object 'Object Repository/TC 3/Page_Advantage Shopping/input_postal_codeRegisterPage'

12-02-2024T13:09:12 - [MESSAGE][PASSED] - Text '0000' is set on object 'Object Repository/TC 3/Page_Advantage Shopping/input_postal_codeRegisterPage'

12-02-2024T13:09:12 - [TEST_STEP][PASSED] - click(findTestObject("Object Repository/TC 3/Page_Advantage Shopping/input_i_agree")): Object: 'Object Repository/TC 3/Page_Advantage Shopping/input_i_agree' is clicked on

12-02-2024T13:09:12 - [MESSAGE][PASSED] - Object: 'Object Repository/TC 3/Page_Advantage Shopping/input_i_agree' is clicked on

12-02-2024T13:09:12 - [TEST_STEP][PASSED] - delay(1): Delayed 1 second(s)

12-02-2024T13:09:13 - [MESSAGE][PASSED] - Delayed 1 second(s)

12-02-2024T13:09:13 - [TEST_STEP][PASSED] - click(findTestObject("Object Repository/TC 3/Page_Advantage Shopping/button_REGISTER")): Object: 'Object Repository/TC 3/Page_Advantage Shopping/button_REGISTER' is clicked on

12-02-2024T13:09:14 - [MESSAGE][PASSED] - Object: 'Object Repository/TC 3/Page_Advantage Shopping/button_REGISTER' is clicked on

12-02-2024T13:09:14 - [TEST_STEP][PASSED] - verifyElementText(findTestObject("Object Repository/TC 3/Page_Advantage Shopping/label_center block smollMargin"), "User name already exists"): Actual text and expected text of test object 'Object Repository/TC 3/Page_Advantage Shopping/label_center block smollMargin' are matched.

12-02-2024T13:09:15 - [MESSAGE][PASSED] - Actual text and expected text of test object 'Object Repository/TC 3/Page_Advantage Shopping/label_center block smollMargin' are matched.

12-02-2024T13:09:15 - [TEST_STEP][PASSED] - delay(3): Delayed 3 second(s)

12-02-2024T13:09:18 - [MESSAGE][PASSED] - Delayed 3 second(s)

12-02-2024T13:09:18 - [TEST_STEP][PASSED] - closeBrowser(): Browser is closed

12-02-2024T13:09:18 - [MESSAGE][PASSED] - Browser is closed

12-02-2024T13:09:20 - [TEST_STEP][PASSED] - Video: Video recording for test case 'Test Cases/TC 3 - Create acccount with error' .

12-02-2024T13:09:20 - [MESSAGE][INFO] - Video recording for test case 'Test Cases/TC 3 - Create acccount with error' .]]></system-out>
         <system-err><![CDATA[]]></system-err>
      </testcase>
      <testcase name="Test Cases/TC 4 - Check if confirmation password is equal" time="21.886" classname="Test Cases/TC 4 - Check if confirmation password is equal" status="PASSED">
         <system-out><![CDATA[12-02-2024T13:09:20 - [TEST_CASE][PASSED] - Test Cases/TC 4 - Check if confirmation password is equal: Test Cases/TC 4 - Check if confirmation password is equal

12-02-2024T13:09:20 - [TEST_STEP][PASSED] - openBrowser(""): Browser is opened with url: ''

12-02-2024T13:09:20 - [MESSAGE][INFO] - Starting 'Chrome' driver

12-02-2024T13:09:20 - [MESSAGE][INFO] - Action delay is set to 0 milliseconds

12-02-2024T13:09:21 - [MESSAGE][PASSED] - Browser is opened with url: ''

12-02-2024T13:09:21 - [TEST_STEP][PASSED] - navigateToUrl(site_url): Navigate to 'https://advantageonlineshopping.com/' successfully

12-02-2024T13:09:24 - [MESSAGE][PASSED] - Navigate to 'https://advantageonlineshopping.com/' successfully

12-02-2024T13:09:24 - [TEST_STEP][PASSED] - click(findTestObject("Object Repository/TC 4/Page_Advantage Shopping/a_My account                        My orde_124641")): Object: 'Object Repository/TC 4/Page_Advantage Shopping/a_My account                        My orde_124641' is clicked on

12-02-2024T13:09:28 - [MESSAGE][PASSED] - Object: 'Object Repository/TC 4/Page_Advantage Shopping/a_My account                        My orde_124641' is clicked on

12-02-2024T13:09:28 - [TEST_STEP][PASSED] - delay(1): Delayed 1 second(s)

12-02-2024T13:09:29 - [MESSAGE][PASSED] - Delayed 1 second(s)

12-02-2024T13:09:29 - [TEST_STEP][PASSED] - click(findTestObject("Object Repository/TC 4/Page_Advantage Shopping/a_CREATE NEW ACCOUNT")): Object: 'Object Repository/TC 4/Page_Advantage Shopping/a_CREATE NEW ACCOUNT' is clicked on

12-02-2024T13:09:30 - [MESSAGE][PASSED] - Object: 'Object Repository/TC 4/Page_Advantage Shopping/a_CREATE NEW ACCOUNT' is clicked on

12-02-2024T13:09:30 - [TEST_STEP][PASSED] - setText(findTestObject("Object Repository/TC 4/Page_Advantage Shopping/input_usernameRegisterPage"), username): Text 'nicehsk' is set on object 'Object Repository/TC 4/Page_Advantage Shopping/input_usernameRegisterPage'

12-02-2024T13:09:33 - [MESSAGE][PASSED] - Text 'nicehsk' is set on object 'Object Repository/TC 4/Page_Advantage Shopping/input_usernameRegisterPage'

12-02-2024T13:09:33 - [TEST_STEP][PASSED] - setText(findTestObject("Object Repository/TC 4/Page_Advantage Shopping/input_emailRegisterPage"), email): Text 'test@gmail.com' is set on object 'Object Repository/TC 4/Page_Advantage Shopping/input_emailRegisterPage'

12-02-2024T13:09:34 - [MESSAGE][PASSED] - Text 'test@gmail.com' is set on object 'Object Repository/TC 4/Page_Advantage Shopping/input_emailRegisterPage'

12-02-2024T13:09:34 - [TEST_STEP][PASSED] - setEncryptedText(findTestObject("Object Repository/TC 4/Page_Advantage Shopping/input_passwordRegisterPage"), password): Text ****** has been set on object 'Object Repository/TC 4/Page_Advantage Shopping/input_passwordRegisterPage'

12-02-2024T13:09:35 - [MESSAGE][PASSED] - Text ****** has been set on object 'Object Repository/TC 4/Page_Advantage Shopping/input_passwordRegisterPage'

12-02-2024T13:09:35 - [TEST_STEP][PASSED] - click(findTestObject("Object Repository/TC 4/Page_Advantage Shopping/label_Confirm password")): Object: 'Object Repository/TC 4/Page_Advantage Shopping/label_Confirm password' is clicked on

12-02-2024T13:09:35 - [MESSAGE][PASSED] - Object: 'Object Repository/TC 4/Page_Advantage Shopping/label_Confirm password' is clicked on

12-02-2024T13:09:35 - [TEST_STEP][PASSED] - setEncryptedText(findTestObject("Object Repository/TC 4/Page_Advantage Shopping/input_confirm_passwordRegisterPage"), passwordConfirm): Text ****** has been set on object 'Object Repository/TC 4/Page_Advantage Shopping/input_confirm_passwordRegisterPage'

12-02-2024T13:09:36 - [MESSAGE][PASSED] - Text ****** has been set on object 'Object Repository/TC 4/Page_Advantage Shopping/input_confirm_passwordRegisterPage'

12-02-2024T13:09:36 - [TEST_STEP][PASSED] - click(findTestObject("Object Repository/TC 4/Page_Advantage Shopping/label_Confirm password")): Object: 'Object Repository/TC 4/Page_Advantage Shopping/label_Confirm password' is clicked on

12-02-2024T13:09:36 - [MESSAGE][PASSED] - Object: 'Object Repository/TC 4/Page_Advantage Shopping/label_Confirm password' is clicked on

12-02-2024T13:09:36 - [TEST_STEP][PASSED] - if (password != passwordConfirm): Object 'Object Repository/TC 4/Page_Advantage Shopping/label_password not match' is present

12-02-2024T13:09:36 - [TEST_STEP][PASSED] - verifyElementPresent(findTestObject("TC 4/Page_Advantage Shopping/label_password not match"), 1): Object 'Object Repository/TC 4/Page_Advantage Shopping/label_password not match' is present

12-02-2024T13:09:37 - [MESSAGE][PASSED] - Object 'Object Repository/TC 4/Page_Advantage Shopping/label_password not match' is present

12-02-2024T13:09:37 - [TEST_STEP][PASSED] - delay(3): Delayed 3 second(s)

12-02-2024T13:09:40 - [MESSAGE][PASSED] - Delayed 3 second(s)

12-02-2024T13:09:40 - [TEST_STEP][PASSED] - closeBrowser(): Browser is closed

12-02-2024T13:09:40 - [MESSAGE][PASSED] - Browser is closed

12-02-2024T13:09:42 - [TEST_STEP][PASSED] - Video: Video recording for test case 'Test Cases/TC 4 - Check if confirmation password is equal' .

12-02-2024T13:09:42 - [MESSAGE][INFO] - Video recording for test case 'Test Cases/TC 4 - Check if confirmation password is equal' .]]></system-out>
         <system-err><![CDATA[]]></system-err>
      </testcase>
      <testcase name="Test Cases/TC 4 - Check if confirmation password is equal" time="20.47" classname="Test Cases/TC 4 - Check if confirmation password is equal" status="PASSED">
         <system-out><![CDATA[12-02-2024T13:09:42 - [TEST_CASE][PASSED] - Test Cases/TC 4 - Check if confirmation password is equal: Test Cases/TC 4 - Check if confirmation password is equal

12-02-2024T13:09:42 - [TEST_STEP][PASSED] - openBrowser(""): Browser is opened with url: ''

12-02-2024T13:09:42 - [MESSAGE][INFO] - Starting 'Chrome' driver

12-02-2024T13:09:42 - [MESSAGE][INFO] - Action delay is set to 0 milliseconds

12-02-2024T13:09:43 - [MESSAGE][PASSED] - Browser is opened with url: ''

12-02-2024T13:09:43 - [TEST_STEP][PASSED] - navigateToUrl(site_url): Navigate to 'https://advantageonlineshopping.com/' successfully

12-02-2024T13:09:46 - [MESSAGE][PASSED] - Navigate to 'https://advantageonlineshopping.com/' successfully

12-02-2024T13:09:46 - [TEST_STEP][PASSED] - click(findTestObject("Object Repository/TC 4/Page_Advantage Shopping/a_My account                        My orde_124641")): Object: 'Object Repository/TC 4/Page_Advantage Shopping/a_My account                        My orde_124641' is clicked on

12-02-2024T13:09:51 - [MESSAGE][PASSED] - Object: 'Object Repository/TC 4/Page_Advantage Shopping/a_My account                        My orde_124641' is clicked on

12-02-2024T13:09:51 - [TEST_STEP][PASSED] - delay(1): Delayed 1 second(s)

12-02-2024T13:09:52 - [MESSAGE][PASSED] - Delayed 1 second(s)

12-02-2024T13:09:52 - [TEST_STEP][PASSED] - click(findTestObject("Object Repository/TC 4/Page_Advantage Shopping/a_CREATE NEW ACCOUNT")): Object: 'Object Repository/TC 4/Page_Advantage Shopping/a_CREATE NEW ACCOUNT' is clicked on

12-02-2024T13:09:52 - [MESSAGE][PASSED] - Object: 'Object Repository/TC 4/Page_Advantage Shopping/a_CREATE NEW ACCOUNT' is clicked on

12-02-2024T13:09:52 - [TEST_STEP][PASSED] - setText(findTestObject("Object Repository/TC 4/Page_Advantage Shopping/input_usernameRegisterPage"), username): Text 'nicehsk' is set on object 'Object Repository/TC 4/Page_Advantage Shopping/input_usernameRegisterPage'

12-02-2024T13:09:53 - [MESSAGE][PASSED] - Text 'nicehsk' is set on object 'Object Repository/TC 4/Page_Advantage Shopping/input_usernameRegisterPage'

12-02-2024T13:09:53 - [TEST_STEP][PASSED] - setText(findTestObject("Object Repository/TC 4/Page_Advantage Shopping/input_emailRegisterPage"), email): Text 'test@gmail.com' is set on object 'Object Repository/TC 4/Page_Advantage Shopping/input_emailRegisterPage'

12-02-2024T13:09:55 - [MESSAGE][PASSED] - Text 'test@gmail.com' is set on object 'Object Repository/TC 4/Page_Advantage Shopping/input_emailRegisterPage'

12-02-2024T13:09:55 - [TEST_STEP][PASSED] - setEncryptedText(findTestObject("Object Repository/TC 4/Page_Advantage Shopping/input_passwordRegisterPage"), password): Text ****** has been set on object 'Object Repository/TC 4/Page_Advantage Shopping/input_passwordRegisterPage'

12-02-2024T13:09:55 - [MESSAGE][PASSED] - Text ****** has been set on object 'Object Repository/TC 4/Page_Advantage Shopping/input_passwordRegisterPage'

12-02-2024T13:09:55 - [TEST_STEP][PASSED] - click(findTestObject("Object Repository/TC 4/Page_Advantage Shopping/label_Confirm password")): Object: 'Object Repository/TC 4/Page_Advantage Shopping/label_Confirm password' is clicked on

12-02-2024T13:09:56 - [MESSAGE][PASSED] - Object: 'Object Repository/TC 4/Page_Advantage Shopping/label_Confirm password' is clicked on

12-02-2024T13:09:56 - [TEST_STEP][PASSED] - setEncryptedText(findTestObject("Object Repository/TC 4/Page_Advantage Shopping/input_confirm_passwordRegisterPage"), passwordConfirm): Text ****** has been set on object 'Object Repository/TC 4/Page_Advantage Shopping/input_confirm_passwordRegisterPage'

12-02-2024T13:09:57 - [MESSAGE][PASSED] - Text ****** has been set on object 'Object Repository/TC 4/Page_Advantage Shopping/input_confirm_passwordRegisterPage'

12-02-2024T13:09:57 - [TEST_STEP][PASSED] - click(findTestObject("Object Repository/TC 4/Page_Advantage Shopping/label_Confirm password")): Object: 'Object Repository/TC 4/Page_Advantage Shopping/label_Confirm password' is clicked on

12-02-2024T13:09:57 - [MESSAGE][PASSED] - Object: 'Object Repository/TC 4/Page_Advantage Shopping/label_Confirm password' is clicked on

12-02-2024T13:09:57 - [TEST_STEP][PASSED] - if (password != passwordConfirm): null

12-02-2024T13:09:57 - [TEST_STEP][PASSED] - else: Web element with id: 'Object Repository/TC 4/Page_Advantage Shopping/label_password not match' located by 'By.xpath: //*[@class = 'animated invalid']' is not present after '1' second(s)

12-02-2024T13:09:57 - [TEST_STEP][PASSED] - verifyElementNotPresent(findTestObject("TC 4/Page_Advantage Shopping/label_password not match"), 1): Web element with id: 'Object Repository/TC 4/Page_Advantage Shopping/label_password not match' located by 'By.xpath: //*[@class = 'animated invalid']' is not present after '1' second(s)

12-02-2024T13:09:57 - [MESSAGE][PASSED] - Web element with id: 'Object Repository/TC 4/Page_Advantage Shopping/label_password not match' located by 'By.xpath: //*[@class = 'animated invalid']' is not present after '1' second(s)

12-02-2024T13:09:57 - [TEST_STEP][PASSED] - delay(3): Delayed 3 second(s)

12-02-2024T13:10:00 - [MESSAGE][PASSED] - Delayed 3 second(s)

12-02-2024T13:10:00 - [TEST_STEP][PASSED] - closeBrowser(): Browser is closed

12-02-2024T13:10:01 - [MESSAGE][PASSED] - Browser is closed

12-02-2024T13:10:03 - [TEST_STEP][PASSED] - Video: Video recording for test case 'Test Cases/TC 4 - Check if confirmation password is equal' .

12-02-2024T13:10:03 - [MESSAGE][INFO] - Video recording for test case 'Test Cases/TC 4 - Check if confirmation password is equal' .]]></system-out>
         <system-err><![CDATA[]]></system-err>
      </testcase>
      <testcase name="Test Cases/TC 4 - Check if confirmation password is equal" time="29.624" classname="Test Cases/TC 4 - Check if confirmation password is equal" status="PASSED">
         <system-out><![CDATA[12-02-2024T13:10:08 - [TEST_CASE][PASSED] - Test Cases/TC 4 - Check if confirmation password is equal: Test Cases/TC 4 - Check if confirmation password is equal

12-02-2024T13:10:08 - [TEST_STEP][PASSED] - openBrowser(""): Browser is opened with url: ''

12-02-2024T13:10:08 - [MESSAGE][WARNING] - A browser is already opened. Closing browser and opening a new one

12-02-2024T13:10:08 - [MESSAGE][INFO] - Starting 'Chrome' driver

12-02-2024T13:10:08 - [MESSAGE][INFO] - Action delay is set to 0 milliseconds

12-02-2024T13:10:09 - [MESSAGE][PASSED] - Browser is opened with url: ''

12-02-2024T13:10:09 - [TEST_STEP][PASSED] - navigateToUrl(site_url): Navigate to 'https://advantageonlineshopping.com/' successfully

12-02-2024T13:10:12 - [MESSAGE][PASSED] - Navigate to 'https://advantageonlineshopping.com/' successfully

12-02-2024T13:10:12 - [TEST_STEP][PASSED] - click(findTestObject("Object Repository/TC 4/Page_Advantage Shopping/a_My account                        My orde_124641")): Object: 'Object Repository/TC 4/Page_Advantage Shopping/a_My account                        My orde_124641' is clicked on

12-02-2024T13:10:16 - [MESSAGE][PASSED] - Object: 'Object Repository/TC 4/Page_Advantage Shopping/a_My account                        My orde_124641' is clicked on

12-02-2024T13:10:16 - [TEST_STEP][PASSED] - delay(1): Delayed 1 second(s)

12-02-2024T13:10:17 - [MESSAGE][PASSED] - Delayed 1 second(s)

12-02-2024T13:10:17 - [TEST_STEP][PASSED] - click(findTestObject("Object Repository/TC 4/Page_Advantage Shopping/a_CREATE NEW ACCOUNT")): Object: 'Object Repository/TC 4/Page_Advantage Shopping/a_CREATE NEW ACCOUNT' is clicked on

12-02-2024T13:10:18 - [MESSAGE][PASSED] - Object: 'Object Repository/TC 4/Page_Advantage Shopping/a_CREATE NEW ACCOUNT' is clicked on

12-02-2024T13:10:18 - [TEST_STEP][PASSED] - setText(findTestObject("Object Repository/TC 4/Page_Advantage Shopping/input_usernameRegisterPage"), username): Text 'goodhsk' is set on object 'Object Repository/TC 4/Page_Advantage Shopping/input_usernameRegisterPage'

12-02-2024T13:10:28 - [MESSAGE][PASSED] - Text 'goodhsk' is set on object 'Object Repository/TC 4/Page_Advantage Shopping/input_usernameRegisterPage'

12-02-2024T13:10:28 - [TEST_STEP][PASSED] - setText(findTestObject("Object Repository/TC 4/Page_Advantage Shopping/input_emailRegisterPage"), email): Text 'free@gmail.com' is set on object 'Object Repository/TC 4/Page_Advantage Shopping/input_emailRegisterPage'

12-02-2024T13:10:29 - [MESSAGE][PASSED] - Text 'free@gmail.com' is set on object 'Object Repository/TC 4/Page_Advantage Shopping/input_emailRegisterPage'

12-02-2024T13:10:29 - [TEST_STEP][PASSED] - setEncryptedText(findTestObject("Object Repository/TC 4/Page_Advantage Shopping/input_passwordRegisterPage"), password): Text ****** has been set on object 'Object Repository/TC 4/Page_Advantage Shopping/input_passwordRegisterPage'

12-02-2024T13:10:30 - [MESSAGE][PASSED] - Text ****** has been set on object 'Object Repository/TC 4/Page_Advantage Shopping/input_passwordRegisterPage'

12-02-2024T13:10:30 - [TEST_STEP][PASSED] - click(findTestObject("Object Repository/TC 4/Page_Advantage Shopping/label_Confirm password")): Object: 'Object Repository/TC 4/Page_Advantage Shopping/label_Confirm password' is clicked on

12-02-2024T13:10:31 - [MESSAGE][PASSED] - Object: 'Object Repository/TC 4/Page_Advantage Shopping/label_Confirm password' is clicked on

12-02-2024T13:10:31 - [TEST_STEP][PASSED] - setEncryptedText(findTestObject("Object Repository/TC 4/Page_Advantage Shopping/input_confirm_passwordRegisterPage"), passwordConfirm): Text ****** has been set on object 'Object Repository/TC 4/Page_Advantage Shopping/input_confirm_passwordRegisterPage'

12-02-2024T13:10:31 - [MESSAGE][PASSED] - Text ****** has been set on object 'Object Repository/TC 4/Page_Advantage Shopping/input_confirm_passwordRegisterPage'

12-02-2024T13:10:31 - [TEST_STEP][PASSED] - click(findTestObject("Object Repository/TC 4/Page_Advantage Shopping/label_Confirm password")): Object: 'Object Repository/TC 4/Page_Advantage Shopping/label_Confirm password' is clicked on

12-02-2024T13:10:32 - [MESSAGE][PASSED] - Object: 'Object Repository/TC 4/Page_Advantage Shopping/label_Confirm password' is clicked on

12-02-2024T13:10:32 - [TEST_STEP][PASSED] - if (password != passwordConfirm): null

12-02-2024T13:10:32 - [TEST_STEP][PASSED] - else: Web element with id: 'Object Repository/TC 4/Page_Advantage Shopping/label_password not match' located by 'By.xpath: //*[@class = 'animated invalid']' is not present after '1' second(s)

12-02-2024T13:10:32 - [TEST_STEP][PASSED] - verifyElementNotPresent(findTestObject("TC 4/Page_Advantage Shopping/label_password not match"), 1): Web element with id: 'Object Repository/TC 4/Page_Advantage Shopping/label_password not match' located by 'By.xpath: //*[@class = 'animated invalid']' is not present after '1' second(s)

12-02-2024T13:10:32 - [MESSAGE][PASSED] - Web element with id: 'Object Repository/TC 4/Page_Advantage Shopping/label_password not match' located by 'By.xpath: //*[@class = 'animated invalid']' is not present after '1' second(s)

12-02-2024T13:10:32 - [TEST_STEP][PASSED] - delay(3): Delayed 3 second(s)

12-02-2024T13:10:35 - [MESSAGE][PASSED] - Delayed 3 second(s)

12-02-2024T13:10:35 - [TEST_STEP][PASSED] - closeBrowser(): Browser is closed

12-02-2024T13:10:36 - [MESSAGE][PASSED] - Browser is closed

12-02-2024T13:10:38 - [TEST_STEP][PASSED] - Video: Video recording for test case 'Test Cases/TC 4 - Check if confirmation password is equal' .

12-02-2024T13:10:38 - [MESSAGE][INFO] - Video recording for test case 'Test Cases/TC 4 - Check if confirmation password is equal' .]]></system-out>
         <system-err><![CDATA[]]></system-err>
      </testcase>
      <testcase name="Test Cases/TC 4 - Check if confirmation password is equal" time="20.02" classname="Test Cases/TC 4 - Check if confirmation password is equal" status="PASSED">
         <system-out><![CDATA[12-02-2024T13:10:38 - [TEST_CASE][PASSED] - Test Cases/TC 4 - Check if confirmation password is equal: Test Cases/TC 4 - Check if confirmation password is equal

12-02-2024T13:10:38 - [TEST_STEP][PASSED] - openBrowser(""): Browser is opened with url: ''

12-02-2024T13:10:38 - [MESSAGE][INFO] - Starting 'Chrome' driver

12-02-2024T13:10:38 - [MESSAGE][INFO] - Action delay is set to 0 milliseconds

12-02-2024T13:10:38 - [MESSAGE][PASSED] - Browser is opened with url: ''

12-02-2024T13:10:38 - [TEST_STEP][PASSED] - navigateToUrl(site_url): Navigate to 'https://advantageonlineshopping.com/' successfully

12-02-2024T13:10:41 - [MESSAGE][PASSED] - Navigate to 'https://advantageonlineshopping.com/' successfully

12-02-2024T13:10:41 - [TEST_STEP][PASSED] - click(findTestObject("Object Repository/TC 4/Page_Advantage Shopping/a_My account                        My orde_124641")): Object: 'Object Repository/TC 4/Page_Advantage Shopping/a_My account                        My orde_124641' is clicked on

12-02-2024T13:10:45 - [MESSAGE][PASSED] - Object: 'Object Repository/TC 4/Page_Advantage Shopping/a_My account                        My orde_124641' is clicked on

12-02-2024T13:10:45 - [TEST_STEP][PASSED] - delay(1): Delayed 1 second(s)

12-02-2024T13:10:46 - [MESSAGE][PASSED] - Delayed 1 second(s)

12-02-2024T13:10:46 - [TEST_STEP][PASSED] - click(findTestObject("Object Repository/TC 4/Page_Advantage Shopping/a_CREATE NEW ACCOUNT")): Object: 'Object Repository/TC 4/Page_Advantage Shopping/a_CREATE NEW ACCOUNT' is clicked on

12-02-2024T13:10:47 - [MESSAGE][PASSED] - Object: 'Object Repository/TC 4/Page_Advantage Shopping/a_CREATE NEW ACCOUNT' is clicked on

12-02-2024T13:10:47 - [TEST_STEP][PASSED] - setText(findTestObject("Object Repository/TC 4/Page_Advantage Shopping/input_usernameRegisterPage"), username): Text 'goodhsk' is set on object 'Object Repository/TC 4/Page_Advantage Shopping/input_usernameRegisterPage'

12-02-2024T13:10:48 - [MESSAGE][PASSED] - Text 'goodhsk' is set on object 'Object Repository/TC 4/Page_Advantage Shopping/input_usernameRegisterPage'

12-02-2024T13:10:48 - [TEST_STEP][PASSED] - setText(findTestObject("Object Repository/TC 4/Page_Advantage Shopping/input_emailRegisterPage"), email): Text 'free@gmail.com' is set on object 'Object Repository/TC 4/Page_Advantage Shopping/input_emailRegisterPage'

12-02-2024T13:10:50 - [MESSAGE][PASSED] - Text 'free@gmail.com' is set on object 'Object Repository/TC 4/Page_Advantage Shopping/input_emailRegisterPage'

12-02-2024T13:10:50 - [TEST_STEP][PASSED] - setEncryptedText(findTestObject("Object Repository/TC 4/Page_Advantage Shopping/input_passwordRegisterPage"), password): Text ****** has been set on object 'Object Repository/TC 4/Page_Advantage Shopping/input_passwordRegisterPage'

12-02-2024T13:10:50 - [MESSAGE][PASSED] - Text ****** has been set on object 'Object Repository/TC 4/Page_Advantage Shopping/input_passwordRegisterPage'

12-02-2024T13:10:50 - [TEST_STEP][PASSED] - click(findTestObject("Object Repository/TC 4/Page_Advantage Shopping/label_Confirm password")): Object: 'Object Repository/TC 4/Page_Advantage Shopping/label_Confirm password' is clicked on

12-02-2024T13:10:51 - [MESSAGE][PASSED] - Object: 'Object Repository/TC 4/Page_Advantage Shopping/label_Confirm password' is clicked on

12-02-2024T13:10:51 - [TEST_STEP][PASSED] - setEncryptedText(findTestObject("Object Repository/TC 4/Page_Advantage Shopping/input_confirm_passwordRegisterPage"), passwordConfirm): Text ****** has been set on object 'Object Repository/TC 4/Page_Advantage Shopping/input_confirm_passwordRegisterPage'

12-02-2024T13:10:51 - [MESSAGE][PASSED] - Text ****** has been set on object 'Object Repository/TC 4/Page_Advantage Shopping/input_confirm_passwordRegisterPage'

12-02-2024T13:10:51 - [TEST_STEP][PASSED] - click(findTestObject("Object Repository/TC 4/Page_Advantage Shopping/label_Confirm password")): Object: 'Object Repository/TC 4/Page_Advantage Shopping/label_Confirm password' is clicked on

12-02-2024T13:10:52 - [MESSAGE][PASSED] - Object: 'Object Repository/TC 4/Page_Advantage Shopping/label_Confirm password' is clicked on

12-02-2024T13:10:52 - [TEST_STEP][PASSED] - if (password != passwordConfirm): Object 'Object Repository/TC 4/Page_Advantage Shopping/label_password not match' is present

12-02-2024T13:10:52 - [TEST_STEP][PASSED] - verifyElementPresent(findTestObject("TC 4/Page_Advantage Shopping/label_password not match"), 1): Object 'Object Repository/TC 4/Page_Advantage Shopping/label_password not match' is present

12-02-2024T13:10:52 - [MESSAGE][PASSED] - Object 'Object Repository/TC 4/Page_Advantage Shopping/label_password not match' is present

12-02-2024T13:10:52 - [TEST_STEP][PASSED] - delay(3): Delayed 3 second(s)

12-02-2024T13:10:55 - [MESSAGE][PASSED] - Delayed 3 second(s)

12-02-2024T13:10:55 - [TEST_STEP][PASSED] - closeBrowser(): Browser is closed

12-02-2024T13:10:56 - [MESSAGE][PASSED] - Browser is closed

12-02-2024T13:10:58 - [TEST_STEP][PASSED] - Video: Video recording for test case 'Test Cases/TC 4 - Check if confirmation password is equal' .

12-02-2024T13:10:58 - [MESSAGE][INFO] - Video recording for test case 'Test Cases/TC 4 - Check if confirmation password is equal' .]]></system-out>
         <system-err><![CDATA[]]></system-err>
      </testcase>
      <system-out><![CDATA[12-02-2024T13:08:46 - [TEST_SUITE][FAILED] - Test Suite 2 - Register Function: Test Cases/TC 4 - Check if confirmation password is equal FAILED.
Reason:
com.kms.katalon.core.exception.StepFailedException: Unable to click on object 'Object Repository/TC 4/Page_Advantage Shopping/a_My account                        My orde_124641'
	at com.kms.katalon.core.webui.keyword.internal.WebUIKeywordMain.stepFailed(WebUIKeywordMain.groovy:64)
	at com.kms.katalon.core.webui.keyword.internal.WebUIKeywordMain.runKeyword(WebUIKeywordMain.groovy:26)
	at com.kms.katalon.core.webui.keyword.builtin.ClickKeyword.click(ClickKeyword.groovy:74)
	at com.kms.katalon.core.webui.keyword.builtin.ClickKeyword.execute(ClickKeyword.groovy:40)
	at com.kms.katalon.core.keyword.internal.KeywordExecutor.executeKeywordForPlatform(KeywordExecutor.groovy:74)
	at com.kms.katalon.core.webui.keyword.WebUiBuiltInKeywords.click(WebUiBuiltInKeywords.groovy:659)
	at TC 4 - Check if confirmation password is equal.run(TC 4 - Check if confirmation password is equal:24)
	at com.kms.katalon.core.main.ScriptEngine.run(ScriptEngine.java:194)
	at com.kms.katalon.core.main.ScriptEngine.runScriptAsRawText(ScriptEngine.java:119)
	at com.kms.katalon.core.main.TestCaseExecutor.runScript(TestCaseExecutor.java:448)
	at com.kms.katalon.core.main.TestCaseExecutor.doExecute(TestCaseExecutor.java:439)
	at com.kms.katalon.core.main.TestCaseExecutor.processExecutionPhase(TestCaseExecutor.java:418)
	at com.kms.katalon.core.main.TestCaseExecutor.accessMainPhase(TestCaseExecutor.java:410)
	at com.kms.katalon.core.main.TestCaseExecutor.execute(TestCaseExecutor.java:285)
	at com.kms.katalon.core.common.CommonExecutor.accessTestCaseMainPhase(CommonExecutor.java:65)
	at com.kms.katalon.core.main.TestSuiteExecutor.accessTestSuiteMainPhase(TestSuiteExecutor.java:148)
	at com.kms.katalon.core.main.TestSuiteExecutor.execute(TestSuiteExecutor.java:106)
	at com.kms.katalon.core.main.TestCaseMain.startTestSuite(TestCaseMain.java:180)
	at TempTestSuite1707718014657.run(TempTestSuite1707718014657.groovy:36)
	at java.base/jdk.internal.reflect.NativeMethodAccessorImpl.invoke0(Native Method)
	at java.base/jdk.internal.reflect.NativeMethodAccessorImpl.invoke(NativeMethodAccessorImpl.java:77)
	at java.base/jdk.internal.reflect.DelegatingMethodAccessorImpl.invoke(DelegatingMethodAccessorImpl.java:43)
Caused by: org.openqa.selenium.ElementNotInteractableException: element not interactable
  (Session info: chrome=121.0.6167.161)
Build info: version: '3.141.59', revision: 'e82be7d358', time: '2018-11-14T08:25:53'
System info: host: 'SKYNETICJ-0VA', ip: '172.16.213.219', os.name: 'Windows 11', os.arch: 'amd64', os.version: '10.0', java.version: '17.0.7'
Driver info: com.kms.katalon.selenium.driver.CChromeDriver
Capabilities {acceptInsecureCerts: false, browserName: chrome, browserVersion: 121.0.6167.161, chrome: {chromedriverVersion: 120.0.6099.71 (9729082fe617..., userDataDir: C:\Users\skyne\AppData\Loca...}, fedcm:accounts: true, goog:chromeOptions: {debuggerAddress: localhost:5708}, javascriptEnabled: true, networkConnectionEnabled: false, pageLoadStrategy: normal, platform: WINDOWS, platformName: WINDOWS, proxy: Proxy(), setWindowRect: true, strictFileInteractability: false, timeouts: {implicit: 0, pageLoad: 300000, script: 30000}, unhandledPromptBehavior: dismiss and notify, webauthn:extension:credBlob: true, webauthn:extension:largeBlob: true, webauthn:extension:minPinLength: true, webauthn:extension:prf: true, webauthn:virtualAuthenticators: true}
Session ID: 8c118330104bb76f2ff881c2579c75e3
	at java.base/jdk.internal.reflect.NativeConstructorAccessorImpl.newInstance0(Native Method)
	at java.base/jdk.internal.reflect.NativeConstructorAccessorImpl.newInstance(NativeConstructorAccessorImpl.java:77)
	at java.base/jdk.internal.reflect.DelegatingConstructorAccessorImpl.newInstance(DelegatingConstructorAccessorImpl.java:45)
	at org.openqa.selenium.remote.http.W3CHttpResponseCodec.createException(W3CHttpResponseCodec.java:187)
	at org.openqa.selenium.remote.http.W3CHttpResponseCodec.decode(W3CHttpResponseCodec.java:122)
	at org.openqa.selenium.remote.http.W3CHttpResponseCodec.decode(W3CHttpResponseCodec.java:49)
	at org.openqa.selenium.remote.HttpCommandExecutor.execute(HttpCommandExecutor.java:158)
	at org.openqa.selenium.remote.service.DriverCommandExecutor.execute(DriverCommandExecutor.java:83)
	at org.openqa.selenium.remote.RemoteWebDriver.execute(RemoteWebDriver.java:552)
	at com.kms.katalon.selenium.driver.CChromeDriver.execute(CChromeDriver.java:19)
	at org.openqa.selenium.remote.RemoteWebElement.execute(RemoteWebElement.java:285)
	at org.openqa.selenium.remote.RemoteWebElement.click(RemoteWebElement.java:84)
	at jdk.internal.reflect.GeneratedMethodAccessor16.invoke(Unknown Source)
	at java.base/jdk.internal.reflect.DelegatingMethodAccessorImpl.invoke(DelegatingMethodAccessorImpl.java:43)
	at org.openqa.selenium.support.events.EventFiringWebDriver$EventFiringWebElement.lambda$new$0(EventFiringWebDriver.java:404)
	at jdk.proxy2/jdk.proxy2.$Proxy24.click(Unknown Source)
	at org.openqa.selenium.support.events.EventFiringWebDriver$EventFiringWebElement.click(EventFiringWebDriver.java:417)
	at org.openqa.selenium.WebElement$click.call(Unknown Source)
	at com.kms.katalon.core.webui.keyword.builtin.ClickKeyword.clickUntilSuccessWithTimeout(ClickKeyword.groovy:81)
	at com.kms.katalon.core.webui.keyword.builtin.ClickKeyword.clickUntilSuccessWithTimeout(ClickKeyword.groovy)
	at java.base/jdk.internal.reflect.NativeMethodAccessorImpl.invoke0(Native Method)
	at java.base/jdk.internal.reflect.NativeMethodAccessorImpl.invoke(NativeMethodAccessorImpl.java:77)
	at java.base/jdk.internal.reflect.DelegatingMethodAccessorImpl.invoke(DelegatingMethodAccessorImpl.java:43)
	at com.kms.katalon.core.webui.keyword.builtin.ClickKeyword$_click_closure1.doCall(ClickKeyword.groovy:67)
	at com.kms.katalon.core.webui.keyword.builtin.ClickKeyword$_click_closure1.call(ClickKeyword.groovy)
	at com.kms.katalon.core.webui.keyword.internal.WebUIKeywordMain.runKeyword(WebUIKeywordMain.groovy:20)
	... 20 more]]></system-out>
      <system-err><![CDATA[12-02-2024T13:08:46 - [TEST_SUITE][FAILED] - Test Suite 2 - Register Function: Test Cases/TC 4 - Check if confirmation password is equal FAILED.
Reason:
com.kms.katalon.core.exception.StepFailedException: Unable to click on object 'Object Repository/TC 4/Page_Advantage Shopping/a_My account                        My orde_124641'
	at com.kms.katalon.core.webui.keyword.internal.WebUIKeywordMain.stepFailed(WebUIKeywordMain.groovy:64)
	at com.kms.katalon.core.webui.keyword.internal.WebUIKeywordMain.runKeyword(WebUIKeywordMain.groovy:26)
	at com.kms.katalon.core.webui.keyword.builtin.ClickKeyword.click(ClickKeyword.groovy:74)
	at com.kms.katalon.core.webui.keyword.builtin.ClickKeyword.execute(ClickKeyword.groovy:40)
	at com.kms.katalon.core.keyword.internal.KeywordExecutor.executeKeywordForPlatform(KeywordExecutor.groovy:74)
	at com.kms.katalon.core.webui.keyword.WebUiBuiltInKeywords.click(WebUiBuiltInKeywords.groovy:659)
	at TC 4 - Check if confirmation password is equal.run(TC 4 - Check if confirmation password is equal:24)
	at com.kms.katalon.core.main.ScriptEngine.run(ScriptEngine.java:194)
	at com.kms.katalon.core.main.ScriptEngine.runScriptAsRawText(ScriptEngine.java:119)
	at com.kms.katalon.core.main.TestCaseExecutor.runScript(TestCaseExecutor.java:448)
	at com.kms.katalon.core.main.TestCaseExecutor.doExecute(TestCaseExecutor.java:439)
	at com.kms.katalon.core.main.TestCaseExecutor.processExecutionPhase(TestCaseExecutor.java:418)
	at com.kms.katalon.core.main.TestCaseExecutor.accessMainPhase(TestCaseExecutor.java:410)
	at com.kms.katalon.core.main.TestCaseExecutor.execute(TestCaseExecutor.java:285)
	at com.kms.katalon.core.common.CommonExecutor.accessTestCaseMainPhase(CommonExecutor.java:65)
	at com.kms.katalon.core.main.TestSuiteExecutor.accessTestSuiteMainPhase(TestSuiteExecutor.java:148)
	at com.kms.katalon.core.main.TestSuiteExecutor.execute(TestSuiteExecutor.java:106)
	at com.kms.katalon.core.main.TestCaseMain.startTestSuite(TestCaseMain.java:180)
	at TempTestSuite1707718014657.run(TempTestSuite1707718014657.groovy:36)
	at java.base/jdk.internal.reflect.NativeMethodAccessorImpl.invoke0(Native Method)
	at java.base/jdk.internal.reflect.NativeMethodAccessorImpl.invoke(NativeMethodAccessorImpl.java:77)
	at java.base/jdk.internal.reflect.DelegatingMethodAccessorImpl.invoke(DelegatingMethodAccessorImpl.java:43)
Caused by: org.openqa.selenium.ElementNotInteractableException: element not interactable
  (Session info: chrome=121.0.6167.161)
Build info: version: '3.141.59', revision: 'e82be7d358', time: '2018-11-14T08:25:53'
System info: host: 'SKYNETICJ-0VA', ip: '172.16.213.219', os.name: 'Windows 11', os.arch: 'amd64', os.version: '10.0', java.version: '17.0.7'
Driver info: com.kms.katalon.selenium.driver.CChromeDriver
Capabilities {acceptInsecureCerts: false, browserName: chrome, browserVersion: 121.0.6167.161, chrome: {chromedriverVersion: 120.0.6099.71 (9729082fe617..., userDataDir: C:\Users\skyne\AppData\Loca...}, fedcm:accounts: true, goog:chromeOptions: {debuggerAddress: localhost:5708}, javascriptEnabled: true, networkConnectionEnabled: false, pageLoadStrategy: normal, platform: WINDOWS, platformName: WINDOWS, proxy: Proxy(), setWindowRect: true, strictFileInteractability: false, timeouts: {implicit: 0, pageLoad: 300000, script: 30000}, unhandledPromptBehavior: dismiss and notify, webauthn:extension:credBlob: true, webauthn:extension:largeBlob: true, webauthn:extension:minPinLength: true, webauthn:extension:prf: true, webauthn:virtualAuthenticators: true}
Session ID: 8c118330104bb76f2ff881c2579c75e3
	at java.base/jdk.internal.reflect.NativeConstructorAccessorImpl.newInstance0(Native Method)
	at java.base/jdk.internal.reflect.NativeConstructorAccessorImpl.newInstance(NativeConstructorAccessorImpl.java:77)
	at java.base/jdk.internal.reflect.DelegatingConstructorAccessorImpl.newInstance(DelegatingConstructorAccessorImpl.java:45)
	at org.openqa.selenium.remote.http.W3CHttpResponseCodec.createException(W3CHttpResponseCodec.java:187)
	at org.openqa.selenium.remote.http.W3CHttpResponseCodec.decode(W3CHttpResponseCodec.java:122)
	at org.openqa.selenium.remote.http.W3CHttpResponseCodec.decode(W3CHttpResponseCodec.java:49)
	at org.openqa.selenium.remote.HttpCommandExecutor.execute(HttpCommandExecutor.java:158)
	at org.openqa.selenium.remote.service.DriverCommandExecutor.execute(DriverCommandExecutor.java:83)
	at org.openqa.selenium.remote.RemoteWebDriver.execute(RemoteWebDriver.java:552)
	at com.kms.katalon.selenium.driver.CChromeDriver.execute(CChromeDriver.java:19)
	at org.openqa.selenium.remote.RemoteWebElement.execute(RemoteWebElement.java:285)
	at org.openqa.selenium.remote.RemoteWebElement.click(RemoteWebElement.java:84)
	at jdk.internal.reflect.GeneratedMethodAccessor16.invoke(Unknown Source)
	at java.base/jdk.internal.reflect.DelegatingMethodAccessorImpl.invoke(DelegatingMethodAccessorImpl.java:43)
	at org.openqa.selenium.support.events.EventFiringWebDriver$EventFiringWebElement.lambda$new$0(EventFiringWebDriver.java:404)
	at jdk.proxy2/jdk.proxy2.$Proxy24.click(Unknown Source)
	at org.openqa.selenium.support.events.EventFiringWebDriver$EventFiringWebElement.click(EventFiringWebDriver.java:417)
	at org.openqa.selenium.WebElement$click.call(Unknown Source)
	at com.kms.katalon.core.webui.keyword.builtin.ClickKeyword.clickUntilSuccessWithTimeout(ClickKeyword.groovy:81)
	at com.kms.katalon.core.webui.keyword.builtin.ClickKeyword.clickUntilSuccessWithTimeout(ClickKeyword.groovy)
	at java.base/jdk.internal.reflect.NativeMethodAccessorImpl.invoke0(Native Method)
	at java.base/jdk.internal.reflect.NativeMethodAccessorImpl.invoke(NativeMethodAccessorImpl.java:77)
	at java.base/jdk.internal.reflect.DelegatingMethodAccessorImpl.invoke(DelegatingMethodAccessorImpl.java:43)
	at com.kms.katalon.core.webui.keyword.builtin.ClickKeyword$_click_closure1.doCall(ClickKeyword.groovy:67)
	at com.kms.katalon.core.webui.keyword.builtin.ClickKeyword$_click_closure1.call(ClickKeyword.groovy)
	at com.kms.katalon.core.webui.keyword.internal.WebUIKeywordMain.runKeyword(WebUIKeywordMain.groovy:20)
	... 20 more]]></system-err>
   </testsuite>
</testsuites>
