<?xml version="1.0" encoding="UTF-8"?>
<testsuites name="Test Suite 1 - Login and Order" time="100.76" tests="2" failures="0" errors="0">
   <testsuite name="Test Suite 1 - Login and Order" tests="2" failures="0" errors="0" time="100.76" skipped="0" timestamp="12-02-2024T13:01:58" hostname="skyne - SKYNETICJ-0VA" id="Test Suites/Test Suite 1 - Login and Order">
      <properties>
         <property name="deviceName" value=""/>
         <property name="devicePlatform" value=""/>
         <property name="logFolder" value="C:\\Users\\skyne\\git\\Final-Project---Webtesting\\Reports\\20240212_130148\\Test Suite 1 - Login and Order\\20240212_130149"/>
         <property name="logFiles" value="C:\\Users\\skyne\\git\\Final-Project---Webtesting\\Reports\\20240212_130148\\Test Suite 1 - Login and Order\\20240212_130149\\execution0.log"/>
         <property name="attachments" value="C:\\Users\\skyne\\git\\Final-Project---Webtesting\\Reports\\20240212_130148\\Test Suite 1 - Login and Order\\20240212_130149\\1707717764733.png"/>
         <property name="hostName" value="skyne - SKYNETICJ-0VA"/>
         <property name="os" value="Windows 11 64bit"/>
         <property name="katalonVersion" value="9.2.0.212"/>
         <property name="browser" value="Chrome 121.0.0.0"/>
         <property name="hostAddress" value="172.16.213.219"/>
         <property name="sessionId" value="baae977b15960fdb80e49f2e9785c2df"/>
         <property name="seleniumVersion" value="3.141.59"/>
         <property name="proxyInformation" value="ProxyInformation { proxyOption=NO_PROXY, proxyServerType=HTTP, username=, password=********, proxyServerAddress=, proxyServerPort=0, executionList=&quot;&quot;, isApplyToDesiredCapabilities=true }"/>
         <property name="platform" value="Windows 11"/>
      </properties>
      <testcase name="Test Cases/TC 1 - Shopping and Login" time="42.347" classname="Test Cases/TC 1 - Shopping and Login" status="PASSED">
         <system-out><![CDATA[12-02-2024T13:01:58 - [TEST_CASE][PASSED] - Test Cases/TC 1 - Shopping and Login: Test Cases/TC 1 - Shopping and Login

12-02-2024T13:01:59 - [TEST_STEP][PASSED] - openBrowser(""): Browser is opened with url: ''

12-02-2024T13:01:59 - [MESSAGE][INFO] - Starting 'Chrome' driver

12-02-2024T13:01:59 - [MESSAGE][INFO] - Action delay is set to 0 milliseconds

12-02-2024T13:02:00 - [MESSAGE][PASSED] - Browser is opened with url: ''

12-02-2024T13:02:00 - [TEST_STEP][PASSED] - navigateToUrl(site_url): Navigate to 'https://advantageonlineshopping.com/' successfully

12-02-2024T13:02:04 - [MESSAGE][PASSED] - Navigate to 'https://advantageonlineshopping.com/' successfully

12-02-2024T13:02:04 - [TEST_STEP][PASSED] - click(findTestObject("Object Repository/TC1/Page_Advantage Shopping/div_LAPTOPS                        Shop Now")): Object: 'Object Repository/TC1/Page_Advantage Shopping/div_LAPTOPS                        Shop Now' is clicked on

12-02-2024T13:02:10 - [MESSAGE][PASSED] - Object: 'Object Repository/TC1/Page_Advantage Shopping/div_LAPTOPS                        Shop Now' is clicked on

12-02-2024T13:02:10 - [TEST_STEP][PASSED] - click(findTestObject("Object Repository/TC1/Page_Advantage Shopping/li_SOLD OUT                                _252972")): Object: 'Object Repository/TC1/Page_Advantage Shopping/li_SOLD OUT                                _252972' is clicked on

12-02-2024T13:02:13 - [MESSAGE][PASSED] - Object: 'Object Repository/TC1/Page_Advantage Shopping/li_SOLD OUT                                _252972' is clicked on

12-02-2024T13:02:13 - [TEST_STEP][PASSED] - click(findTestObject("Object Repository/TC1/Page_Advantage Shopping/button_ADD TO CART")): Object: 'Object Repository/TC1/Page_Advantage Shopping/button_ADD TO CART' is clicked on

12-02-2024T13:02:15 - [MESSAGE][PASSED] - Object: 'Object Repository/TC1/Page_Advantage Shopping/button_ADD TO CART' is clicked on

12-02-2024T13:02:15 - [TEST_STEP][PASSED] - click(findTestObject("Object Repository/TC1/Page_Advantage Shopping/button_CHECKOUT  (1,261.99)")): Object: 'Object Repository/TC1/Page_Advantage Shopping/button_CHECKOUT  (1,261.99)' is clicked on

12-02-2024T13:02:16 - [MESSAGE][PASSED] - Object: 'Object Repository/TC1/Page_Advantage Shopping/button_CHECKOUT  (1,261.99)' is clicked on

12-02-2024T13:02:16 - [TEST_STEP][PASSED] - setText(findTestObject("Object Repository/TC1/Page_Advantage Shopping/input_usernameInOrderPayment"), "nicehsk"): Text 'nicehsk' is set on object 'Object Repository/TC1/Page_Advantage Shopping/input_usernameInOrderPayment'

12-02-2024T13:02:17 - [MESSAGE][PASSED] - Text 'nicehsk' is set on object 'Object Repository/TC1/Page_Advantage Shopping/input_usernameInOrderPayment'

12-02-2024T13:02:17 - [TEST_STEP][PASSED] - setEncryptedText(findTestObject("Object Repository/TC1/Page_Advantage Shopping/input_passwordInOrderPayment"), "IUzobqKA7NU0EdNVQvmFCA=="): Text ****** has been set on object 'Object Repository/TC1/Page_Advantage Shopping/input_passwordInOrderPayment'

12-02-2024T13:02:18 - [MESSAGE][PASSED] - Text ****** has been set on object 'Object Repository/TC1/Page_Advantage Shopping/input_passwordInOrderPayment'

12-02-2024T13:02:18 - [TEST_STEP][PASSED] - click(findTestObject("Object Repository/TC1/Page_Advantage Shopping/button_LOGIN")): Object: 'Object Repository/TC1/Page_Advantage Shopping/button_LOGIN' is clicked on

12-02-2024T13:02:19 - [MESSAGE][PASSED] - Object: 'Object Repository/TC1/Page_Advantage Shopping/button_LOGIN' is clicked on

12-02-2024T13:02:19 - [TEST_STEP][PASSED] - click(findTestObject("Object Repository/TC1/Page_Advantage Shopping/a_Edit shipping details")): Object: 'Object Repository/TC1/Page_Advantage Shopping/a_Edit shipping details' is clicked on

12-02-2024T13:02:22 - [MESSAGE][PASSED] - Object: 'Object Repository/TC1/Page_Advantage Shopping/a_Edit shipping details' is clicked on

12-02-2024T13:02:22 - [TEST_STEP][PASSED] - setText(findTestObject("Object Repository/TC1/Page_Advantage Shopping/input_first_name"), "Budi"): Text 'Budi' is set on object 'Object Repository/TC1/Page_Advantage Shopping/input_first_name'

12-02-2024T13:02:23 - [MESSAGE][PASSED] - Text 'Budi' is set on object 'Object Repository/TC1/Page_Advantage Shopping/input_first_name'

12-02-2024T13:02:23 - [TEST_STEP][PASSED] - setText(findTestObject("Object Repository/TC1/Page_Advantage Shopping/input_last_name"), "Saja"): Text 'Saja' is set on object 'Object Repository/TC1/Page_Advantage Shopping/input_last_name'

12-02-2024T13:02:25 - [MESSAGE][PASSED] - Text 'Saja' is set on object 'Object Repository/TC1/Page_Advantage Shopping/input_last_name'

12-02-2024T13:02:25 - [TEST_STEP][PASSED] - setText(findTestObject("Object Repository/TC1/Page_Advantage Shopping/input_phone_number"), "00000000000"): Text '00000000000' is set on object 'Object Repository/TC1/Page_Advantage Shopping/input_phone_number'

12-02-2024T13:02:26 - [MESSAGE][PASSED] - Text '00000000000' is set on object 'Object Repository/TC1/Page_Advantage Shopping/input_phone_number'

12-02-2024T13:02:26 - [TEST_STEP][PASSED] - selectOptionByLabel(findTestObject("TC1/Page_Advantage Shopping/select_AfganistanAlbaniaAlgeriaAmerican Sam_3cef8a"), "Indonesia", false): All options with label 'Indonesia' are selected in object 'Object Repository/TC1/Page_Advantage Shopping/select_AfganistanAlbaniaAlgeriaAmerican Sam_3cef8a' 

12-02-2024T13:02:27 - [MESSAGE][PASSED] - All options with label 'Indonesia' are selected in object 'Object Repository/TC1/Page_Advantage Shopping/select_AfganistanAlbaniaAlgeriaAmerican Sam_3cef8a' 

12-02-2024T13:02:27 - [TEST_STEP][PASSED] - setText(findTestObject("Object Repository/TC1/Page_Advantage Shopping/input_city"), "Jakarta"): Text 'Jakarta' is set on object 'Object Repository/TC1/Page_Advantage Shopping/input_city'

12-02-2024T13:02:28 - [MESSAGE][PASSED] - Text 'Jakarta' is set on object 'Object Repository/TC1/Page_Advantage Shopping/input_city'

12-02-2024T13:02:28 - [TEST_STEP][PASSED] - setText(findTestObject("Object Repository/TC1/Page_Advantage Shopping/input_address"), "Jakarta"): Text 'Jakarta' is set on object 'Object Repository/TC1/Page_Advantage Shopping/input_address'

12-02-2024T13:02:29 - [MESSAGE][PASSED] - Text 'Jakarta' is set on object 'Object Repository/TC1/Page_Advantage Shopping/input_address'

12-02-2024T13:02:29 - [TEST_STEP][PASSED] - setText(findTestObject("Object Repository/TC1/Page_Advantage Shopping/input_postal_code"), "0000"): Text '0000' is set on object 'Object Repository/TC1/Page_Advantage Shopping/input_postal_code'

12-02-2024T13:02:30 - [MESSAGE][PASSED] - Text '0000' is set on object 'Object Repository/TC1/Page_Advantage Shopping/input_postal_code'

12-02-2024T13:02:30 - [TEST_STEP][PASSED] - setText(findTestObject("Object Repository/TC1/Page_Advantage Shopping/input_state__province__region"), "Jakarta"): Text 'Jakarta' is set on object 'Object Repository/TC1/Page_Advantage Shopping/input_state__province__region'

12-02-2024T13:02:31 - [MESSAGE][PASSED] - Text 'Jakarta' is set on object 'Object Repository/TC1/Page_Advantage Shopping/input_state__province__region'

12-02-2024T13:02:31 - [TEST_STEP][PASSED] - click(findTestObject("TC 1-2/Page_Advantage Shopping/button_NEXT")): Object: 'Object Repository/TC 1-2/Page_Advantage Shopping/button_NEXT' is clicked on

12-02-2024T13:02:32 - [MESSAGE][PASSED] - Object: 'Object Repository/TC 1-2/Page_Advantage Shopping/button_NEXT' is clicked on

12-02-2024T13:02:32 - [TEST_STEP][PASSED] - click(findTestObject("Object Repository/TC1/Page_Advantage Shopping/button_PAY NOW")): Object: 'Object Repository/TC1/Page_Advantage Shopping/button_PAY NOW' is clicked on

12-02-2024T13:02:34 - [MESSAGE][PASSED] - Object: 'Object Repository/TC1/Page_Advantage Shopping/button_PAY NOW' is clicked on

12-02-2024T13:02:34 - [TEST_STEP][PASSED] - verifyElementPresent(findTestObject("Object Repository/TC1/Page_Advantage Shopping/h2_Thank you for buying with Advantage"), 0): Object 'Object Repository/TC1/Page_Advantage Shopping/h2_Thank you for buying with Advantage' is present

12-02-2024T13:02:34 - [MESSAGE][WARNING] - Timeout '0' is invalid. Using default page load timeout: '30'

12-02-2024T13:02:35 - [MESSAGE][PASSED] - Object 'Object Repository/TC1/Page_Advantage Shopping/h2_Thank you for buying with Advantage' is present

12-02-2024T13:02:35 - [TEST_STEP][PASSED] - delay(3): Delayed 3 second(s)

12-02-2024T13:02:38 - [MESSAGE][PASSED] - Delayed 3 second(s)

12-02-2024T13:02:38 - [TEST_STEP][PASSED] - closeBrowser(): Browser is closed

12-02-2024T13:02:38 - [MESSAGE][PASSED] - Browser is closed

12-02-2024T13:02:40 - [TEST_STEP][PASSED] - Video: Video recording for test case 'Test Cases/TC 1 - Shopping and Login' .

12-02-2024T13:02:40 - [MESSAGE][INFO] - Video recording for test case 'Test Cases/TC 1 - Shopping and Login' .]]></system-out>
         <system-err><![CDATA[]]></system-err>
      </testcase>
      <testcase name="Test Cases/TC 2 - Login then Shop 3 Items" time="51.934" classname="Test Cases/TC 2 - Login then Shop 3 Items" status="PASSED">
         <system-out><![CDATA[12-02-2024T13:02:46 - [TEST_CASE][PASSED] - Test Cases/TC 2 - Login then Shop 3 Items: Test Cases/TC 2 - Login then Shop 3 Items

12-02-2024T13:02:46 - [TEST_STEP][PASSED] - openBrowser(""): Browser is opened with url: ''

12-02-2024T13:02:46 - [MESSAGE][WARNING] - A browser is already opened. Closing browser and opening a new one

12-02-2024T13:02:47 - [MESSAGE][INFO] - Starting 'Chrome' driver

12-02-2024T13:02:47 - [MESSAGE][INFO] - Action delay is set to 0 milliseconds

12-02-2024T13:02:47 - [MESSAGE][PASSED] - Browser is opened with url: ''

12-02-2024T13:02:47 - [TEST_STEP][PASSED] - navigateToUrl("https://advantageonlineshopping.com/"): Navigate to 'https://advantageonlineshopping.com/' successfully

12-02-2024T13:02:50 - [MESSAGE][PASSED] - Navigate to 'https://advantageonlineshopping.com/' successfully

12-02-2024T13:02:50 - [TEST_STEP][PASSED] - click(findTestObject("TC 2/Page_Advantage Shopping/a_My account                        My orders                        Sign out")): Object: 'Object Repository/TC 2/Page_Advantage Shopping/a_My account                        My orders                        Sign out' is clicked on

12-02-2024T13:02:54 - [MESSAGE][PASSED] - Object: 'Object Repository/TC 2/Page_Advantage Shopping/a_My account                        My orders                        Sign out' is clicked on

12-02-2024T13:02:54 - [TEST_STEP][PASSED] - setText(findTestObject("Object Repository/TC 2/Page_Advantage Shopping/input_username"), "nicehsk"): Text 'nicehsk' is set on object 'Object Repository/TC 2/Page_Advantage Shopping/input_username'

12-02-2024T13:02:55 - [MESSAGE][PASSED] - Text 'nicehsk' is set on object 'Object Repository/TC 2/Page_Advantage Shopping/input_username'

12-02-2024T13:02:55 - [TEST_STEP][PASSED] - setEncryptedText(findTestObject("Object Repository/TC 2/Page_Advantage Shopping/input_password"), "IUzobqKA7NU0EdNVQvmFCA=="): Text ****** has been set on object 'Object Repository/TC 2/Page_Advantage Shopping/input_password'

12-02-2024T13:02:57 - [MESSAGE][PASSED] - Text ****** has been set on object 'Object Repository/TC 2/Page_Advantage Shopping/input_password'

12-02-2024T13:02:57 - [TEST_STEP][PASSED] - click(findTestObject("Object Repository/TC 2/Page_Advantage Shopping/button_SIGN IN")): Object: 'Object Repository/TC 2/Page_Advantage Shopping/button_SIGN IN' is clicked on

12-02-2024T13:02:57 - [MESSAGE][PASSED] - Object: 'Object Repository/TC 2/Page_Advantage Shopping/button_SIGN IN' is clicked on

12-02-2024T13:02:57 - [TEST_STEP][PASSED] - click(findTestObject("Object Repository/TC 2/Page_Advantage Shopping/div_SPEAKERS                        Shop Now")): Object: 'Object Repository/TC 2/Page_Advantage Shopping/div_SPEAKERS                        Shop Now' is clicked on

12-02-2024T13:03:00 - [MESSAGE][PASSED] - Object: 'Object Repository/TC 2/Page_Advantage Shopping/div_SPEAKERS                        Shop Now' is clicked on

12-02-2024T13:03:00 - [TEST_STEP][PASSED] - click(findTestObject("Object Repository/TC 2/Page_Advantage Shopping/li_SOLD OUT                                _e4d6fd")): Object: 'Object Repository/TC 2/Page_Advantage Shopping/li_SOLD OUT                                _e4d6fd' is clicked on

12-02-2024T13:03:02 - [MESSAGE][PASSED] - Object: 'Object Repository/TC 2/Page_Advantage Shopping/li_SOLD OUT                                _e4d6fd' is clicked on

12-02-2024T13:03:02 - [TEST_STEP][PASSED] - click(findTestObject("Object Repository/TC 2/Page_Advantage Shopping/button_ADD TO CART")): Object: 'Object Repository/TC 2/Page_Advantage Shopping/button_ADD TO CART' is clicked on

12-02-2024T13:03:05 - [MESSAGE][PASSED] - Object: 'Object Repository/TC 2/Page_Advantage Shopping/button_ADD TO CART' is clicked on

12-02-2024T13:03:05 - [TEST_STEP][PASSED] - click(findTestObject("Object Repository/TC 2/Page_Advantage Shopping/a_HOME")): Object: 'Object Repository/TC 2/Page_Advantage Shopping/a_HOME' is clicked on

12-02-2024T13:03:08 - [MESSAGE][PASSED] - Object: 'Object Repository/TC 2/Page_Advantage Shopping/a_HOME' is clicked on

12-02-2024T13:03:08 - [TEST_STEP][PASSED] - click(findTestObject("Object Repository/TC 2/Page_Advantage Shopping/div_HEADPHONES                        Shop Now")): Object: 'Object Repository/TC 2/Page_Advantage Shopping/div_HEADPHONES                        Shop Now' is clicked on

12-02-2024T13:03:12 - [MESSAGE][PASSED] - Object: 'Object Repository/TC 2/Page_Advantage Shopping/div_HEADPHONES                        Shop Now' is clicked on

12-02-2024T13:03:12 - [TEST_STEP][PASSED] - click(findTestObject("Object Repository/TC 2/Page_Advantage Shopping/li_SOLD OUT                                _ad00b0")): Object: 'Object Repository/TC 2/Page_Advantage Shopping/li_SOLD OUT                                _ad00b0' is clicked on

12-02-2024T13:03:13 - [MESSAGE][PASSED] - Object: 'Object Repository/TC 2/Page_Advantage Shopping/li_SOLD OUT                                _ad00b0' is clicked on

12-02-2024T13:03:13 - [TEST_STEP][PASSED] - click(findTestObject("Object Repository/TC 2/Page_Advantage Shopping/button_ADD TO CART")): Object: 'Object Repository/TC 2/Page_Advantage Shopping/button_ADD TO CART' is clicked on

12-02-2024T13:03:19 - [MESSAGE][PASSED] - Object: 'Object Repository/TC 2/Page_Advantage Shopping/button_ADD TO CART' is clicked on

12-02-2024T13:03:19 - [TEST_STEP][PASSED] - click(findTestObject("Object Repository/TC 2/Page_Advantage Shopping/a_HOME")): Object: 'Object Repository/TC 2/Page_Advantage Shopping/a_HOME' is clicked on

12-02-2024T13:03:21 - [MESSAGE][PASSED] - Object: 'Object Repository/TC 2/Page_Advantage Shopping/a_HOME' is clicked on

12-02-2024T13:03:21 - [TEST_STEP][PASSED] - click(findTestObject("Object Repository/TC 2/Page_Advantage Shopping/div_MICE                        Shop Now")): Object: 'Object Repository/TC 2/Page_Advantage Shopping/div_MICE                        Shop Now' is clicked on

12-02-2024T13:03:21 - [MESSAGE][PASSED] - Object: 'Object Repository/TC 2/Page_Advantage Shopping/div_MICE                        Shop Now' is clicked on

12-02-2024T13:03:21 - [TEST_STEP][PASSED] - click(findTestObject("Object Repository/TC 2/Page_Advantage Shopping/li_SOLD OUT                                _269779")): Object: 'Object Repository/TC 2/Page_Advantage Shopping/li_SOLD OUT                                _269779' is clicked on

12-02-2024T13:03:22 - [MESSAGE][PASSED] - Object: 'Object Repository/TC 2/Page_Advantage Shopping/li_SOLD OUT                                _269779' is clicked on

12-02-2024T13:03:22 - [TEST_STEP][PASSED] - click(findTestObject("Object Repository/TC 2/Page_Advantage Shopping/div_plus")): Object: 'Object Repository/TC 2/Page_Advantage Shopping/div_plus' is clicked on

12-02-2024T13:03:23 - [MESSAGE][PASSED] - Object: 'Object Repository/TC 2/Page_Advantage Shopping/div_plus' is clicked on

12-02-2024T13:03:23 - [TEST_STEP][PASSED] - click(findTestObject("Object Repository/TC 2/Page_Advantage Shopping/button_ADD TO CART")): Object: 'Object Repository/TC 2/Page_Advantage Shopping/button_ADD TO CART' is clicked on

12-02-2024T13:03:23 - [MESSAGE][PASSED] - Object: 'Object Repository/TC 2/Page_Advantage Shopping/button_ADD TO CART' is clicked on

12-02-2024T13:03:23 - [TEST_STEP][PASSED] - click(findTestObject("TC 2/Page_Advantage Shopping/a_0")): Object: 'Object Repository/TC 2/Page_Advantage Shopping/a_0' is clicked on

12-02-2024T13:03:24 - [MESSAGE][PASSED] - Object: 'Object Repository/TC 2/Page_Advantage Shopping/a_0' is clicked on

12-02-2024T13:03:24 - [TEST_STEP][PASSED] - click(findTestObject("Object Repository/TC 2/Page_Advantage Shopping/button_CHECKOUT (2,170.94)")): Object: 'Object Repository/TC 2/Page_Advantage Shopping/button_CHECKOUT (2,170.94)' is clicked on

12-02-2024T13:03:26 - [MESSAGE][PASSED] - Object: 'Object Repository/TC 2/Page_Advantage Shopping/button_CHECKOUT (2,170.94)' is clicked on

12-02-2024T13:03:26 - [TEST_STEP][PASSED] - click(findTestObject("Object Repository/TC 2/Page_Advantage Shopping/button_NEXT")): Object: 'Object Repository/TC 2/Page_Advantage Shopping/button_NEXT' is clicked on

12-02-2024T13:03:30 - [MESSAGE][PASSED] - Object: 'Object Repository/TC 2/Page_Advantage Shopping/button_NEXT' is clicked on

12-02-2024T13:03:30 - [TEST_STEP][PASSED] - click(findTestObject("Object Repository/TC 2/Page_Advantage Shopping/button_PAY NOW")): Object: 'Object Repository/TC 2/Page_Advantage Shopping/button_PAY NOW' is clicked on

12-02-2024T13:03:30 - [MESSAGE][PASSED] - Object: 'Object Repository/TC 2/Page_Advantage Shopping/button_PAY NOW' is clicked on

12-02-2024T13:03:30 - [TEST_STEP][PASSED] - verifyElementPresent(findTestObject("Object Repository/TC 2/Page_Advantage Shopping/h2_Thank you for buying with Advantage"), 0): Object 'Object Repository/TC 2/Page_Advantage Shopping/h2_Thank you for buying with Advantage' is present

12-02-2024T13:03:30 - [MESSAGE][WARNING] - Timeout '0' is invalid. Using default page load timeout: '30'

12-02-2024T13:03:33 - [MESSAGE][PASSED] - Object 'Object Repository/TC 2/Page_Advantage Shopping/h2_Thank you for buying with Advantage' is present

12-02-2024T13:03:33 - [TEST_STEP][PASSED] - verifyElementText(findTestObject("Object Repository/TC 2/Page_Advantage Shopping/label_Budi Saja"), "Budi Saja"): Actual text and expected text of test object 'Object Repository/TC 2/Page_Advantage Shopping/label_Budi Saja' are matched.

12-02-2024T13:03:33 - [MESSAGE][PASSED] - Actual text and expected text of test object 'Object Repository/TC 2/Page_Advantage Shopping/label_Budi Saja' are matched.

12-02-2024T13:03:33 - [TEST_STEP][PASSED] - delay(3): Delayed 3 second(s)

12-02-2024T13:03:36 - [MESSAGE][PASSED] - Delayed 3 second(s)

12-02-2024T13:03:36 - [TEST_STEP][PASSED] - closeBrowser(): Browser is closed

12-02-2024T13:03:36 - [MESSAGE][PASSED] - Browser is closed

12-02-2024T13:03:38 - [TEST_STEP][PASSED] - Video: Video recording for test case 'Test Cases/TC 2 - Login then Shop 3 Items' .

12-02-2024T13:03:38 - [MESSAGE][INFO] - Video recording for test case 'Test Cases/TC 2 - Login then Shop 3 Items' .]]></system-out>
         <system-err><![CDATA[]]></system-err>
      </testcase>
      <system-out><![CDATA[12-02-2024T13:01:58 - [TEST_SUITE][FAILED] - Test Suite 1 - Login and Order: Test Cases/TC 2 - Login then Shop 3 Items FAILED.
Reason:
com.kms.katalon.core.exception.StepFailedException: Unable to click on object 'Object Repository/TC 2/Page_Advantage Shopping/a_My account                        My orders                        Sign out'
	at com.kms.katalon.core.webui.keyword.internal.WebUIKeywordMain.stepFailed(WebUIKeywordMain.groovy:64)
	at com.kms.katalon.core.webui.keyword.internal.WebUIKeywordMain.runKeyword(WebUIKeywordMain.groovy:26)
	at com.kms.katalon.core.webui.keyword.builtin.ClickKeyword.click(ClickKeyword.groovy:74)
	at com.kms.katalon.core.webui.keyword.builtin.ClickKeyword.execute(ClickKeyword.groovy:40)
	at com.kms.katalon.core.keyword.internal.KeywordExecutor.executeKeywordForPlatform(KeywordExecutor.groovy:74)
	at com.kms.katalon.core.webui.keyword.WebUiBuiltInKeywords.click(WebUiBuiltInKeywords.groovy:659)
	at TC 2 - Login then Shop 3 Items.run(TC 2 - Login then Shop 3 Items:24)
	at com.kms.katalon.core.main.ScriptEngine.run(ScriptEngine.java:194)
	at com.kms.katalon.core.main.ScriptEngine.runScriptAsRawText(ScriptEngine.java:119)
	at com.kms.katalon.core.main.TestCaseExecutor.runScript(TestCaseExecutor.java:448)
	at com.kms.katalon.core.main.TestCaseExecutor.doExecute(TestCaseExecutor.java:439)
	at com.kms.katalon.core.main.TestCaseExecutor.processExecutionPhase(TestCaseExecutor.java:418)
	at com.kms.katalon.core.main.TestCaseExecutor.accessMainPhase(TestCaseExecutor.java:410)
	at com.kms.katalon.core.main.TestCaseExecutor.execute(TestCaseExecutor.java:285)
	at com.kms.katalon.core.common.CommonExecutor.accessTestCaseMainPhase(CommonExecutor.java:65)
	at com.kms.katalon.core.main.TestSuiteExecutor.accessTestSuiteMainPhase(TestSuiteExecutor.java:148)
	at com.kms.katalon.core.main.TestSuiteExecutor.execute(TestSuiteExecutor.java:106)
	at com.kms.katalon.core.main.TestCaseMain.startTestSuite(TestCaseMain.java:180)
	at TempTestSuite1707717709937.run(TempTestSuite1707717709937.groovy:36)
	at java.base/jdk.internal.reflect.NativeMethodAccessorImpl.invoke0(Native Method)
	at java.base/jdk.internal.reflect.NativeMethodAccessorImpl.invoke(NativeMethodAccessorImpl.java:77)
	at java.base/jdk.internal.reflect.DelegatingMethodAccessorImpl.invoke(DelegatingMethodAccessorImpl.java:43)
Caused by: org.openqa.selenium.ElementNotInteractableException: element not interactable
  (Session info: chrome=121.0.6167.161)
Build info: version: '3.141.59', revision: 'e82be7d358', time: '2018-11-14T08:25:53'
System info: host: 'SKYNETICJ-0VA', ip: '172.16.213.219', os.name: 'Windows 11', os.arch: 'amd64', os.version: '10.0', java.version: '17.0.7'
Driver info: com.kms.katalon.selenium.driver.CChromeDriver
Capabilities {acceptInsecureCerts: false, browserName: chrome, browserVersion: 121.0.6167.161, chrome: {chromedriverVersion: 120.0.6099.71 (9729082fe617..., userDataDir: C:\Users\skyne\AppData\Loca...}, fedcm:accounts: true, goog:chromeOptions: {debuggerAddress: localhost:4797}, javascriptEnabled: true, networkConnectionEnabled: false, pageLoadStrategy: normal, platform: WINDOWS, platformName: WINDOWS, proxy: Proxy(), setWindowRect: true, strictFileInteractability: false, timeouts: {implicit: 0, pageLoad: 300000, script: 30000}, unhandledPromptBehavior: dismiss and notify, webauthn:extension:credBlob: true, webauthn:extension:largeBlob: true, webauthn:extension:minPinLength: true, webauthn:extension:prf: true, webauthn:virtualAuthenticators: true}
Session ID: a39452b72fc423fc8cfbbc74b71df794
	at java.base/jdk.internal.reflect.NativeConstructorAccessorImpl.newInstance0(Native Method)
	at java.base/jdk.internal.reflect.NativeConstructorAccessorImpl.newInstance(NativeConstructorAccessorImpl.java:77)
	at java.base/jdk.internal.reflect.DelegatingConstructorAccessorImpl.newInstance(DelegatingConstructorAccessorImpl.java:45)
	at org.openqa.selenium.remote.http.W3CHttpResponseCodec.createException(W3CHttpResponseCodec.java:187)
	at org.openqa.selenium.remote.http.W3CHttpResponseCodec.decode(W3CHttpResponseCodec.java:122)
	at org.openqa.selenium.remote.http.W3CHttpResponseCodec.decode(W3CHttpResponseCodec.java:49)
	at org.openqa.selenium.remote.HttpCommandExecutor.execute(HttpCommandExecutor.java:158)
	at org.openqa.selenium.remote.service.DriverCommandExecutor.execute(DriverCommandExecutor.java:83)
	at org.openqa.selenium.remote.RemoteWebDriver.execute(RemoteWebDriver.java:552)
	at com.kms.katalon.selenium.driver.CChromeDriver.execute(CChromeDriver.java:19)
	at org.openqa.selenium.remote.RemoteWebElement.execute(RemoteWebElement.java:285)
	at org.openqa.selenium.remote.RemoteWebElement.click(RemoteWebElement.java:84)
	at java.base/jdk.internal.reflect.NativeMethodAccessorImpl.invoke0(Native Method)
	at java.base/jdk.internal.reflect.NativeMethodAccessorImpl.invoke(NativeMethodAccessorImpl.java:77)
	at java.base/jdk.internal.reflect.DelegatingMethodAccessorImpl.invoke(DelegatingMethodAccessorImpl.java:43)
	at org.openqa.selenium.support.events.EventFiringWebDriver$EventFiringWebElement.lambda$new$0(EventFiringWebDriver.java:404)
	at jdk.proxy2/jdk.proxy2.$Proxy24.click(Unknown Source)
	at org.openqa.selenium.support.events.EventFiringWebDriver$EventFiringWebElement.click(EventFiringWebDriver.java:417)
	at org.openqa.selenium.WebElement$click.call(Unknown Source)
	at com.kms.katalon.core.webui.keyword.builtin.ClickKeyword.clickUntilSuccessWithTimeout(ClickKeyword.groovy:81)
	at com.kms.katalon.core.webui.keyword.builtin.ClickKeyword.clickUntilSuccessWithTimeout(ClickKeyword.groovy)
	at java.base/jdk.internal.reflect.NativeMethodAccessorImpl.invoke0(Native Method)
	at java.base/jdk.internal.reflect.NativeMethodAccessorImpl.invoke(NativeMethodAccessorImpl.java:77)
	at java.base/jdk.internal.reflect.DelegatingMethodAccessorImpl.invoke(DelegatingMethodAccessorImpl.java:43)
	at com.kms.katalon.core.webui.keyword.builtin.ClickKeyword$_click_closure1.doCall(ClickKeyword.groovy:67)
	at com.kms.katalon.core.webui.keyword.builtin.ClickKeyword$_click_closure1.call(ClickKeyword.groovy)
	at com.kms.katalon.core.webui.keyword.internal.WebUIKeywordMain.runKeyword(WebUIKeywordMain.groovy:20)
	... 20 more]]></system-out>
      <system-err><![CDATA[12-02-2024T13:01:58 - [TEST_SUITE][FAILED] - Test Suite 1 - Login and Order: Test Cases/TC 2 - Login then Shop 3 Items FAILED.
Reason:
com.kms.katalon.core.exception.StepFailedException: Unable to click on object 'Object Repository/TC 2/Page_Advantage Shopping/a_My account                        My orders                        Sign out'
	at com.kms.katalon.core.webui.keyword.internal.WebUIKeywordMain.stepFailed(WebUIKeywordMain.groovy:64)
	at com.kms.katalon.core.webui.keyword.internal.WebUIKeywordMain.runKeyword(WebUIKeywordMain.groovy:26)
	at com.kms.katalon.core.webui.keyword.builtin.ClickKeyword.click(ClickKeyword.groovy:74)
	at com.kms.katalon.core.webui.keyword.builtin.ClickKeyword.execute(ClickKeyword.groovy:40)
	at com.kms.katalon.core.keyword.internal.KeywordExecutor.executeKeywordForPlatform(KeywordExecutor.groovy:74)
	at com.kms.katalon.core.webui.keyword.WebUiBuiltInKeywords.click(WebUiBuiltInKeywords.groovy:659)
	at TC 2 - Login then Shop 3 Items.run(TC 2 - Login then Shop 3 Items:24)
	at com.kms.katalon.core.main.ScriptEngine.run(ScriptEngine.java:194)
	at com.kms.katalon.core.main.ScriptEngine.runScriptAsRawText(ScriptEngine.java:119)
	at com.kms.katalon.core.main.TestCaseExecutor.runScript(TestCaseExecutor.java:448)
	at com.kms.katalon.core.main.TestCaseExecutor.doExecute(TestCaseExecutor.java:439)
	at com.kms.katalon.core.main.TestCaseExecutor.processExecutionPhase(TestCaseExecutor.java:418)
	at com.kms.katalon.core.main.TestCaseExecutor.accessMainPhase(TestCaseExecutor.java:410)
	at com.kms.katalon.core.main.TestCaseExecutor.execute(TestCaseExecutor.java:285)
	at com.kms.katalon.core.common.CommonExecutor.accessTestCaseMainPhase(CommonExecutor.java:65)
	at com.kms.katalon.core.main.TestSuiteExecutor.accessTestSuiteMainPhase(TestSuiteExecutor.java:148)
	at com.kms.katalon.core.main.TestSuiteExecutor.execute(TestSuiteExecutor.java:106)
	at com.kms.katalon.core.main.TestCaseMain.startTestSuite(TestCaseMain.java:180)
	at TempTestSuite1707717709937.run(TempTestSuite1707717709937.groovy:36)
	at java.base/jdk.internal.reflect.NativeMethodAccessorImpl.invoke0(Native Method)
	at java.base/jdk.internal.reflect.NativeMethodAccessorImpl.invoke(NativeMethodAccessorImpl.java:77)
	at java.base/jdk.internal.reflect.DelegatingMethodAccessorImpl.invoke(DelegatingMethodAccessorImpl.java:43)
Caused by: org.openqa.selenium.ElementNotInteractableException: element not interactable
  (Session info: chrome=121.0.6167.161)
Build info: version: '3.141.59', revision: 'e82be7d358', time: '2018-11-14T08:25:53'
System info: host: 'SKYNETICJ-0VA', ip: '172.16.213.219', os.name: 'Windows 11', os.arch: 'amd64', os.version: '10.0', java.version: '17.0.7'
Driver info: com.kms.katalon.selenium.driver.CChromeDriver
Capabilities {acceptInsecureCerts: false, browserName: chrome, browserVersion: 121.0.6167.161, chrome: {chromedriverVersion: 120.0.6099.71 (9729082fe617..., userDataDir: C:\Users\skyne\AppData\Loca...}, fedcm:accounts: true, goog:chromeOptions: {debuggerAddress: localhost:4797}, javascriptEnabled: true, networkConnectionEnabled: false, pageLoadStrategy: normal, platform: WINDOWS, platformName: WINDOWS, proxy: Proxy(), setWindowRect: true, strictFileInteractability: false, timeouts: {implicit: 0, pageLoad: 300000, script: 30000}, unhandledPromptBehavior: dismiss and notify, webauthn:extension:credBlob: true, webauthn:extension:largeBlob: true, webauthn:extension:minPinLength: true, webauthn:extension:prf: true, webauthn:virtualAuthenticators: true}
Session ID: a39452b72fc423fc8cfbbc74b71df794
	at java.base/jdk.internal.reflect.NativeConstructorAccessorImpl.newInstance0(Native Method)
	at java.base/jdk.internal.reflect.NativeConstructorAccessorImpl.newInstance(NativeConstructorAccessorImpl.java:77)
	at java.base/jdk.internal.reflect.DelegatingConstructorAccessorImpl.newInstance(DelegatingConstructorAccessorImpl.java:45)
	at org.openqa.selenium.remote.http.W3CHttpResponseCodec.createException(W3CHttpResponseCodec.java:187)
	at org.openqa.selenium.remote.http.W3CHttpResponseCodec.decode(W3CHttpResponseCodec.java:122)
	at org.openqa.selenium.remote.http.W3CHttpResponseCodec.decode(W3CHttpResponseCodec.java:49)
	at org.openqa.selenium.remote.HttpCommandExecutor.execute(HttpCommandExecutor.java:158)
	at org.openqa.selenium.remote.service.DriverCommandExecutor.execute(DriverCommandExecutor.java:83)
	at org.openqa.selenium.remote.RemoteWebDriver.execute(RemoteWebDriver.java:552)
	at com.kms.katalon.selenium.driver.CChromeDriver.execute(CChromeDriver.java:19)
	at org.openqa.selenium.remote.RemoteWebElement.execute(RemoteWebElement.java:285)
	at org.openqa.selenium.remote.RemoteWebElement.click(RemoteWebElement.java:84)
	at java.base/jdk.internal.reflect.NativeMethodAccessorImpl.invoke0(Native Method)
	at java.base/jdk.internal.reflect.NativeMethodAccessorImpl.invoke(NativeMethodAccessorImpl.java:77)
	at java.base/jdk.internal.reflect.DelegatingMethodAccessorImpl.invoke(DelegatingMethodAccessorImpl.java:43)
	at org.openqa.selenium.support.events.EventFiringWebDriver$EventFiringWebElement.lambda$new$0(EventFiringWebDriver.java:404)
	at jdk.proxy2/jdk.proxy2.$Proxy24.click(Unknown Source)
	at org.openqa.selenium.support.events.EventFiringWebDriver$EventFiringWebElement.click(EventFiringWebDriver.java:417)
	at org.openqa.selenium.WebElement$click.call(Unknown Source)
	at com.kms.katalon.core.webui.keyword.builtin.ClickKeyword.clickUntilSuccessWithTimeout(ClickKeyword.groovy:81)
	at com.kms.katalon.core.webui.keyword.builtin.ClickKeyword.clickUntilSuccessWithTimeout(ClickKeyword.groovy)
	at java.base/jdk.internal.reflect.NativeMethodAccessorImpl.invoke0(Native Method)
	at java.base/jdk.internal.reflect.NativeMethodAccessorImpl.invoke(NativeMethodAccessorImpl.java:77)
	at java.base/jdk.internal.reflect.DelegatingMethodAccessorImpl.invoke(DelegatingMethodAccessorImpl.java:43)
	at com.kms.katalon.core.webui.keyword.builtin.ClickKeyword$_click_closure1.doCall(ClickKeyword.groovy:67)
	at com.kms.katalon.core.webui.keyword.builtin.ClickKeyword$_click_closure1.call(ClickKeyword.groovy)
	at com.kms.katalon.core.webui.keyword.internal.WebUIKeywordMain.runKeyword(WebUIKeywordMain.groovy:20)
	... 20 more]]></system-err>
   </testsuite>
</testsuites>
